This is pdfTeX, Version 3.141592653-2.6-1.40.23 (TeX Live 2021/W32TeX) (preloaded format=pdflatex 2021.10.2)  4 OCT 2021 08:09
entering extended mode
 restricted \write18 enabled.
 %&-line parsing enabled.
**OFFICIAL_REPORT.tex
(./OFFICIAL_REPORT.tex
LaTeX2e <2021-06-01> patch level 1
L3 programming layer <2021-08-27>
(c:/Users/LEAH NGUYEN/AppData/Roaming/TinyTeX/texmf-dist/tex/latex/base/article
.cls
Document Class: article 2021/02/12 v1.4n Standard LaTeX document class

(c:/Users/LEAH NGUYEN/AppData/Roaming/TinyTeX/texmf-dist/tex/latex/base/size11.
clo
File: size11.clo 2021/02/12 v1.4n Standard LaTeX file (size option)
)
\c@part=\count182
\c@section=\count183
\c@subsection=\count184
\c@subsubsection=\count185
\c@paragraph=\count186
\c@subparagraph=\count187
\c@figure=\count188
\c@table=\count189
\abovecaptionskip=\skip47
\belowcaptionskip=\skip48
\bibindent=\dimen138
)
(c:/Users/LEAH NGUYEN/AppData/Roaming/TinyTeX/texmf-dist/tex/latex/amsmath/amsm
ath.sty
Package: amsmath 2021/04/20 v2.17j AMS math features
\@mathmargin=\skip49
For additional information on amsmath, use the `?' option.

(c:/Users/LEAH NGUYEN/AppData/Roaming/TinyTeX/texmf-dist/tex/latex/amsmath/amst
ext.sty
Package: amstext 2000/06/29 v2.01 AMS text

(c:/Users/LEAH NGUYEN/AppData/Roaming/TinyTeX/texmf-dist/tex/latex/amsmath/amsg
en.sty
File: amsgen.sty 1999/11/30 v2.0 generic functions
\@emptytoks=\toks16
\ex@=\dimen139
))
(c:/Users/LEAH NGUYEN/AppData/Roaming/TinyTeX/texmf-dist/tex/latex/amsmath/amsb
sy.sty
Package: amsbsy 1999/11/29 v1.2d Bold Symbols
\pmbraise@=\dimen140
)
(c:/Users/LEAH NGUYEN/AppData/Roaming/TinyTeX/texmf-dist/tex/latex/amsmath/amso
pn.sty
Package: amsopn 2016/03/08 v2.02 operator names
)
\inf@bad=\count190
LaTeX Info: Redefining \frac on input line 234.
\uproot@=\count191
\leftroot@=\count192
LaTeX Info: Redefining \overline on input line 399.
\classnum@=\count193
\DOTSCASE@=\count194
LaTeX Info: Redefining \ldots on input line 496.
LaTeX Info: Redefining \dots on input line 499.
LaTeX Info: Redefining \cdots on input line 620.
\Mathstrutbox@=\box50
\strutbox@=\box51
\big@size=\dimen141
LaTeX Font Info:    Redeclaring font encoding OML on input line 743.
LaTeX Font Info:    Redeclaring font encoding OMS on input line 744.
\macc@depth=\count195
\c@MaxMatrixCols=\count196
\dotsspace@=\muskip16
\c@parentequation=\count197
\dspbrk@lvl=\count198
\tag@help=\toks17
\row@=\count199
\column@=\count266
\maxfields@=\count267
\andhelp@=\toks18
\eqnshift@=\dimen142
\alignsep@=\dimen143
\tagshift@=\dimen144
\tagwidth@=\dimen145
\totwidth@=\dimen146
\lineht@=\dimen147
\@envbody=\toks19
\multlinegap=\skip50
\multlinetaggap=\skip51
\mathdisplay@stack=\toks20
LaTeX Info: Redefining \[ on input line 2923.
LaTeX Info: Redefining \] on input line 2924.
)
(c:/Users/LEAH NGUYEN/AppData/Roaming/TinyTeX/texmf-dist/tex/latex/amsfonts/ams
symb.sty
Package: amssymb 2013/01/14 v3.01 AMS font symbols

(c:/Users/LEAH NGUYEN/AppData/Roaming/TinyTeX/texmf-dist/tex/latex/amsfonts/ams
fonts.sty
Package: amsfonts 2013/01/14 v3.01 Basic AMSFonts support
\symAMSa=\mathgroup4
\symAMSb=\mathgroup5
LaTeX Font Info:    Redeclaring math symbol \hbar on input line 98.
LaTeX Font Info:    Overwriting math alphabet `\mathfrak' in version `bold'
(Font)                  U/euf/m/n --> U/euf/b/n on input line 106.
))
(c:/Users/LEAH NGUYEN/AppData/Roaming/TinyTeX/texmf-dist/tex/latex/lm/lmodern.s
ty
Package: lmodern 2015/05/01 v1.6.1 Latin Modern Fonts
LaTeX Font Info:    Overwriting symbol font `operators' in version `normal'
(Font)                  OT1/cmr/m/n --> OT1/lmr/m/n on input line 22.
LaTeX Font Info:    Overwriting symbol font `letters' in version `normal'
(Font)                  OML/cmm/m/it --> OML/lmm/m/it on input line 23.
LaTeX Font Info:    Overwriting symbol font `symbols' in version `normal'
(Font)                  OMS/cmsy/m/n --> OMS/lmsy/m/n on input line 24.
LaTeX Font Info:    Overwriting symbol font `largesymbols' in version `normal'
(Font)                  OMX/cmex/m/n --> OMX/lmex/m/n on input line 25.
LaTeX Font Info:    Overwriting symbol font `operators' in version `bold'
(Font)                  OT1/cmr/bx/n --> OT1/lmr/bx/n on input line 26.
LaTeX Font Info:    Overwriting symbol font `letters' in version `bold'
(Font)                  OML/cmm/b/it --> OML/lmm/b/it on input line 27.
LaTeX Font Info:    Overwriting symbol font `symbols' in version `bold'
(Font)                  OMS/cmsy/b/n --> OMS/lmsy/b/n on input line 28.
LaTeX Font Info:    Overwriting symbol font `largesymbols' in version `bold'
(Font)                  OMX/cmex/m/n --> OMX/lmex/m/n on input line 29.
LaTeX Font Info:    Overwriting math alphabet `\mathbf' in version `normal'
(Font)                  OT1/cmr/bx/n --> OT1/lmr/bx/n on input line 31.
LaTeX Font Info:    Overwriting math alphabet `\mathsf' in version `normal'
(Font)                  OT1/cmss/m/n --> OT1/lmss/m/n on input line 32.
LaTeX Font Info:    Overwriting math alphabet `\mathit' in version `normal'
(Font)                  OT1/cmr/m/it --> OT1/lmr/m/it on input line 33.
LaTeX Font Info:    Overwriting math alphabet `\mathtt' in version `normal'
(Font)                  OT1/cmtt/m/n --> OT1/lmtt/m/n on input line 34.
LaTeX Font Info:    Overwriting math alphabet `\mathbf' in version `bold'
(Font)                  OT1/cmr/bx/n --> OT1/lmr/bx/n on input line 35.
LaTeX Font Info:    Overwriting math alphabet `\mathsf' in version `bold'
(Font)                  OT1/cmss/bx/n --> OT1/lmss/bx/n on input line 36.
LaTeX Font Info:    Overwriting math alphabet `\mathit' in version `bold'
(Font)                  OT1/cmr/bx/it --> OT1/lmr/bx/it on input line 37.
LaTeX Font Info:    Overwriting math alphabet `\mathtt' in version `bold'
(Font)                  OT1/cmtt/m/n --> OT1/lmtt/m/n on input line 38.
)
(c:/Users/LEAH NGUYEN/AppData/Roaming/TinyTeX/texmf-dist/tex/generic/iftex/ifte
x.sty
Package: iftex 2020/03/06 v1.0d TeX engine tests
)
(c:/Users/LEAH NGUYEN/AppData/Roaming/TinyTeX/texmf-dist/tex/latex/base/fontenc
.sty
Package: fontenc 2021/04/29 v2.0v Standard LaTeX package
LaTeX Font Info:    Trying to load font information for T1+lmr on input line 11
2.
(c:/Users/LEAH NGUYEN/AppData/Roaming/TinyTeX/texmf-dist/tex/latex/lm/t1lmr.fd
File: t1lmr.fd 2015/05/01 v1.6.1 Font defs for Latin Modern
))
(c:/Users/LEAH NGUYEN/AppData/Roaming/TinyTeX/texmf-dist/tex/latex/base/inputen
c.sty
Package: inputenc 2021/02/14 v1.3d Input encoding file
\inpenc@prehook=\toks21
\inpenc@posthook=\toks22
)
(c:/Users/LEAH NGUYEN/AppData/Roaming/TinyTeX/texmf-dist/tex/latex/base/textcom
p.sty
Package: textcomp 2020/02/02 v2.0n Standard LaTeX package
)
(c:/Users/LEAH NGUYEN/AppData/Roaming/TinyTeX/texmf-dist/tex/latex/upquote/upqu
ote.sty
Package: upquote 2012/04/19 v1.3 upright-quote and grave-accent glyphs in verba
tim
)
(c:/Users/LEAH NGUYEN/AppData/Roaming/TinyTeX/texmf-dist/tex/latex/microtype/mi
crotype.sty
Package: microtype 2021/03/14 v2.8c Micro-typographical refinements (RS)

(c:/Users/LEAH NGUYEN/AppData/Roaming/TinyTeX/texmf-dist/tex/latex/graphics/key
val.sty
Package: keyval 2014/10/28 v1.15 key=value parser (DPC)
\KV@toks@=\toks23
)
\MT@toks=\toks24
\MT@count=\count268
LaTeX Info: Redefining \textls on input line 790.
\MT@outer@kern=\dimen148
LaTeX Info: Redefining \textmicrotypecontext on input line 1374.
\MT@listname@count=\count269

(c:/Users/LEAH NGUYEN/AppData/Roaming/TinyTeX/texmf-dist/tex/latex/microtype/mi
crotype-pdftex.def
File: microtype-pdftex.def 2021/03/14 v2.8c Definitions specific to pdftex (RS)

LaTeX Info: Redefining \lsstyle on input line 915.
LaTeX Info: Redefining \lslig on input line 915.
\MT@outer@space=\skip52
)
Package microtype Info: Loading configuration file microtype.cfg.

(c:/Users/LEAH NGUYEN/AppData/Roaming/TinyTeX/texmf-dist/tex/latex/microtype/mi
crotype.cfg
File: microtype.cfg 2021/03/14 v2.8c microtype main configuration file (RS)
))
(c:/Users/LEAH NGUYEN/AppData/Roaming/TinyTeX/texmf-dist/tex/latex/xcolor/xcolo
r.sty
Package: xcolor 2016/05/11 v2.12 LaTeX color extensions (UK)

(c:/Users/LEAH NGUYEN/AppData/Roaming/TinyTeX/texmf-dist/tex/latex/graphics-cfg
/color.cfg
File: color.cfg 2016/01/02 v1.6 sample color configuration
)
Package xcolor Info: Driver file: pdftex.def on input line 225.

(c:/Users/LEAH NGUYEN/AppData/Roaming/TinyTeX/texmf-dist/tex/latex/graphics-def
/pdftex.def
File: pdftex.def 2020/10/05 v1.2a Graphics/color driver for pdftex
)
Package xcolor Info: Model `cmy' substituted by `cmy0' on input line 1348.
Package xcolor Info: Model `hsb' substituted by `rgb' on input line 1352.
Package xcolor Info: Model `RGB' extended on input line 1364.
Package xcolor Info: Model `HTML' substituted by `rgb' on input line 1366.
Package xcolor Info: Model `Hsb' substituted by `hsb' on input line 1367.
Package xcolor Info: Model `tHsb' substituted by `hsb' on input line 1368.
Package xcolor Info: Model `HSB' substituted by `hsb' on input line 1369.
Package xcolor Info: Model `Gray' substituted by `gray' on input line 1370.
Package xcolor Info: Model `wave' substituted by `hsb' on input line 1371.
)
(c:/Users/LEAH NGUYEN/AppData/Roaming/TinyTeX/texmf-dist/tex/latex/bookmark/boo
kmark.sty
Package: bookmark 2020-11-06 v1.29 PDF bookmarks (HO)

(c:/Users/LEAH NGUYEN/AppData/Roaming/TinyTeX/texmf-dist/tex/latex/hyperref/hyp
erref.sty
Package: hyperref 2021-06-07 v7.00m Hypertext links for LaTeX

(c:/Users/LEAH NGUYEN/AppData/Roaming/TinyTeX/texmf-dist/tex/generic/ltxcmds/lt
xcmds.sty
Package: ltxcmds 2020-05-10 v1.25 LaTeX kernel commands for general use (HO)
)
(c:/Users/LEAH NGUYEN/AppData/Roaming/TinyTeX/texmf-dist/tex/generic/pdftexcmds
/pdftexcmds.sty
Package: pdftexcmds 2020-06-27 v0.33 Utility functions of pdfTeX for LuaTeX (HO
)

(c:/Users/LEAH NGUYEN/AppData/Roaming/TinyTeX/texmf-dist/tex/generic/infwarerr/
infwarerr.sty
Package: infwarerr 2019/12/03 v1.5 Providing info/warning/error messages (HO)
)
Package pdftexcmds Info: \pdf@primitive is available.
Package pdftexcmds Info: \pdf@ifprimitive is available.
Package pdftexcmds Info: \pdfdraftmode found.
)
(c:/Users/LEAH NGUYEN/AppData/Roaming/TinyTeX/texmf-dist/tex/generic/kvsetkeys/
kvsetkeys.sty
Package: kvsetkeys 2019/12/15 v1.18 Key value parser (HO)
)
(c:/Users/LEAH NGUYEN/AppData/Roaming/TinyTeX/texmf-dist/tex/generic/kvdefineke
ys/kvdefinekeys.sty
Package: kvdefinekeys 2019-12-19 v1.6 Define keys (HO)
)
(c:/Users/LEAH NGUYEN/AppData/Roaming/TinyTeX/texmf-dist/tex/generic/pdfescape/
pdfescape.sty
Package: pdfescape 2019/12/09 v1.15 Implements pdfTeX's escape features (HO)
)
(c:/Users/LEAH NGUYEN/AppData/Roaming/TinyTeX/texmf-dist/tex/latex/hycolor/hyco
lor.sty
Package: hycolor 2020-01-27 v1.10 Color options for hyperref/bookmark (HO)
)
(c:/Users/LEAH NGUYEN/AppData/Roaming/TinyTeX/texmf-dist/tex/latex/letltxmacro/
letltxmacro.sty
Package: letltxmacro 2019/12/03 v1.6 Let assignment for LaTeX macros (HO)
)
(c:/Users/LEAH NGUYEN/AppData/Roaming/TinyTeX/texmf-dist/tex/latex/auxhook/auxh
ook.sty
Package: auxhook 2019-12-17 v1.6 Hooks for auxiliary files (HO)
)
(c:/Users/LEAH NGUYEN/AppData/Roaming/TinyTeX/texmf-dist/tex/latex/kvoptions/kv
options.sty
Package: kvoptions 2020-10-07 v3.14 Key value format for package options (HO)
)
\@linkdim=\dimen149
\Hy@linkcounter=\count270
\Hy@pagecounter=\count271

(c:/Users/LEAH NGUYEN/AppData/Roaming/TinyTeX/texmf-dist/tex/latex/hyperref/pd1
enc.def
File: pd1enc.def 2021-06-07 v7.00m Hyperref: PDFDocEncoding definition (HO)
Now handling font encoding PD1 ...
... no UTF-8 mapping file for font encoding PD1
)
(c:/Users/LEAH NGUYEN/AppData/Roaming/TinyTeX/texmf-dist/tex/latex/hyperref/hyp
erref-langpatches.def
File: hyperref-langpatches.def 2021-06-07 v7.00m Hyperref: patches for babel la
nguages
)
(c:/Users/LEAH NGUYEN/AppData/Roaming/TinyTeX/texmf-dist/tex/generic/intcalc/in
tcalc.sty
Package: intcalc 2019/12/15 v1.3 Expandable calculations with integers (HO)
)
(c:/Users/LEAH NGUYEN/AppData/Roaming/TinyTeX/texmf-dist/tex/generic/etexcmds/e
texcmds.sty
Package: etexcmds 2019/12/15 v1.7 Avoid name clashes with e-TeX commands (HO)
)
\Hy@SavedSpaceFactor=\count272

(c:/Users/LEAH NGUYEN/AppData/Roaming/TinyTeX/texmf-dist/tex/latex/hyperref/pue
nc.def
File: puenc.def 2021-06-07 v7.00m Hyperref: PDF Unicode definition (HO)
Now handling font encoding PU ...
... no UTF-8 mapping file for font encoding PU
)
Package hyperref Info: Option `unicode' set `true' on input line 4073.
Package hyperref Info: Hyper figures OFF on input line 4192.
Package hyperref Info: Link nesting OFF on input line 4197.
Package hyperref Info: Hyper index ON on input line 4200.
Package hyperref Info: Plain pages OFF on input line 4207.
Package hyperref Info: Backreferencing OFF on input line 4212.
Package hyperref Info: Implicit mode ON; LaTeX internals redefined.
Package hyperref Info: Bookmarks ON on input line 4445.
\c@Hy@tempcnt=\count273
(c:/Users/LEAH NGUYEN/AppData/Roaming/TinyTeX/texmf-dist/tex/latex/url/url.sty
\Urlmuskip=\muskip17
Package: url 2013/09/16  ver 3.4  Verb mode for urls, etc.
)
LaTeX Info: Redefining \url on input line 4804.
\XeTeXLinkMargin=\dimen150

(c:/Users/LEAH NGUYEN/AppData/Roaming/TinyTeX/texmf-dist/tex/generic/bitset/bit
set.sty
Package: bitset 2019/12/09 v1.3 Handle bit-vector datatype (HO)

(c:/Users/LEAH NGUYEN/AppData/Roaming/TinyTeX/texmf-dist/tex/generic/bigintcalc
/bigintcalc.sty
Package: bigintcalc 2019/12/15 v1.5 Expandable calculations on big integers (HO
)
))
\Fld@menulength=\count274
\Field@Width=\dimen151
\Fld@charsize=\dimen152
Package hyperref Info: Hyper figures OFF on input line 6076.
Package hyperref Info: Link nesting OFF on input line 6081.
Package hyperref Info: Hyper index ON on input line 6084.
Package hyperref Info: backreferencing OFF on input line 6091.
Package hyperref Info: Link coloring OFF on input line 6096.
Package hyperref Info: Link coloring with OCG OFF on input line 6101.
Package hyperref Info: PDF/A mode OFF on input line 6106.
LaTeX Info: Redefining \ref on input line 6146.
LaTeX Info: Redefining \pageref on input line 6150.

(c:/Users/LEAH NGUYEN/AppData/Roaming/TinyTeX/texmf-dist/tex/latex/base/atbegsh
i-ltx.sty
Package: atbegshi-ltx 2021/01/10 v1.0c Emulation of the original atbegshi
package with kernel methods
)
\Hy@abspage=\count275
\c@Item=\count276
\c@Hfootnote=\count277
)
Package hyperref Info: Driver (autodetected): hpdftex.

(c:/Users/LEAH NGUYEN/AppData/Roaming/TinyTeX/texmf-dist/tex/latex/hyperref/hpd
ftex.def
File: hpdftex.def 2021-06-07 v7.00m Hyperref driver for pdfTeX

(c:/Users/LEAH NGUYEN/AppData/Roaming/TinyTeX/texmf-dist/tex/latex/base/atverye
nd-ltx.sty
Package: atveryend-ltx 2020/08/19 v1.0a Emulation of the original atvery packag
e
with kernel methods
)
\Fld@listcount=\count278
\c@bookmark@seq@number=\count279

(c:/Users/LEAH NGUYEN/AppData/Roaming/TinyTeX/texmf-dist/tex/latex/rerunfileche
ck/rerunfilecheck.sty
Package: rerunfilecheck 2019/12/05 v1.9 Rerun checks for auxiliary files (HO)

(c:/Users/LEAH NGUYEN/AppData/Roaming/TinyTeX/texmf-dist/tex/generic/uniquecoun
ter/uniquecounter.sty
Package: uniquecounter 2019/12/15 v1.4 Provide unlimited unique counter (HO)
)
Package uniquecounter Info: New unique counter `rerunfilecheck' on input line 2
86.
)
\Hy@SectionHShift=\skip53
)
(c:/Users/LEAH NGUYEN/AppData/Roaming/TinyTeX/texmf-dist/tex/latex/bookmark/bkm
-pdftex.def
File: bkm-pdftex.def 2020-11-06 v1.29 bookmark driver for pdfTeX (HO)
\BKM@id=\count280
))
(c:/Users/LEAH NGUYEN/AppData/Roaming/TinyTeX/texmf-dist/tex/latex/geometry/geo
metry.sty
Package: geometry 2020/01/02 v5.9 Page Geometry

(c:/Users/LEAH NGUYEN/AppData/Roaming/TinyTeX/texmf-dist/tex/generic/iftex/ifvt
ex.sty
Package: ifvtex 2019/10/25 v1.7 ifvtex legacy package. Use iftex instead.
)
\Gm@cnth=\count281
\Gm@cntv=\count282
\c@Gm@tempcnt=\count283
\Gm@bindingoffset=\dimen153
\Gm@wd@mp=\dimen154
\Gm@odd@mp=\dimen155
\Gm@even@mp=\dimen156
\Gm@layoutwidth=\dimen157
\Gm@layoutheight=\dimen158
\Gm@layouthoffset=\dimen159
\Gm@layoutvoffset=\dimen160
\Gm@dimlist=\toks25
)
(c:/Users/LEAH NGUYEN/AppData/Roaming/TinyTeX/texmf-dist/tex/latex/tools/longta
ble.sty
Package: longtable 2021-05-07 v4.16 Multi-page Table package (DPC)
\LTleft=\skip54
\LTright=\skip55
\LTpre=\skip56
\LTpost=\skip57
\LTchunksize=\count284
\LTcapwidth=\dimen161
\LT@head=\box52
\LT@firsthead=\box53
\LT@foot=\box54
\LT@lastfoot=\box55
\LT@gbox=\box56
\LT@cols=\count285
\LT@rows=\count286
\c@LT@tables=\count287
\c@LT@chunks=\count288
\LT@p@ftn=\toks26
)
(c:/Users/LEAH NGUYEN/AppData/Roaming/TinyTeX/texmf-dist/tex/latex/booktabs/boo
ktabs.sty
Package: booktabs 2020/01/12 v1.61803398 Publication quality tables
\heavyrulewidth=\dimen162
\lightrulewidth=\dimen163
\cmidrulewidth=\dimen164
\belowrulesep=\dimen165
\belowbottomsep=\dimen166
\aboverulesep=\dimen167
\abovetopsep=\dimen168
\cmidrulesep=\dimen169
\cmidrulekern=\dimen170
\defaultaddspace=\dimen171
\@cmidla=\count289
\@cmidlb=\count290
\@aboverulesep=\dimen172
\@belowrulesep=\dimen173
\@thisruleclass=\count291
\@lastruleclass=\count292
\@thisrulewidth=\dimen174
)
(c:/Users/LEAH NGUYEN/AppData/Roaming/TinyTeX/texmf-dist/tex/latex/tools/array.
sty
Package: array 2021/04/20 v2.5e Tabular extension package (FMi)
\col@sep=\dimen175
\ar@mcellbox=\box57
\extrarowheight=\dimen176
\NC@list=\toks27
\extratabsurround=\skip58
\backup@length=\skip59
\ar@cellbox=\box58
)
(c:/Users/LEAH NGUYEN/AppData/Roaming/TinyTeX/texmf-dist/tex/latex/tools/calc.s
ty
Package: calc 2017/05/25 v4.3 Infix arithmetic (KKT,FJ)
\calc@Acount=\count293
\calc@Bcount=\count294
\calc@Adimen=\dimen177
\calc@Bdimen=\dimen178
\calc@Askip=\skip60
\calc@Bskip=\skip61
LaTeX Info: Redefining \setlength on input line 80.
LaTeX Info: Redefining \addtolength on input line 81.
\calc@Ccount=\count295
\calc@Cskip=\skip62
)
(c:/Users/LEAH NGUYEN/AppData/Roaming/TinyTeX/texmf-dist/tex/latex/etoolbox/eto
olbox.sty
Package: etoolbox 2020/10/05 v2.5k e-TeX tools for LaTeX (JAW)
\etb@tempcnta=\count296
)
(c:/Users/LEAH NGUYEN/AppData/Roaming/TinyTeX/texmf-dist/tex/latex/mdwtools/foo
tnote.sty
Package: footnote 1997/01/28 1.13 Save footnotes around boxes
\fn@notes=\box59
\fn@width=\dimen179
)
(c:/Users/LEAH NGUYEN/AppData/Roaming/TinyTeX/texmf-dist/tex/latex/graphics/gra
phicx.sty
Package: graphicx 2020/12/05 v1.2c Enhanced LaTeX Graphics (DPC,SPQR)

(c:/Users/LEAH NGUYEN/AppData/Roaming/TinyTeX/texmf-dist/tex/latex/graphics/gra
phics.sty
Package: graphics 2021/03/04 v1.4d Standard LaTeX Graphics (DPC,SPQR)

(c:/Users/LEAH NGUYEN/AppData/Roaming/TinyTeX/texmf-dist/tex/latex/graphics/tri
g.sty
Package: trig 2016/01/03 v1.10 sin cos tan (DPC)
)
(c:/Users/LEAH NGUYEN/AppData/Roaming/TinyTeX/texmf-dist/tex/latex/graphics-cfg
/graphics.cfg
File: graphics.cfg 2016/06/04 v1.11 sample graphics configuration
)
Package graphics Info: Driver file: pdftex.def on input line 107.
)
\Gin@req@height=\dimen180
\Gin@req@width=\dimen181
)
(c:/Users/LEAH NGUYEN/AppData/Roaming/TinyTeX/texmf-dist/tex/latex/float/float.
sty
Package: float 2001/11/08 v1.3d Float enhancements (AL)
\c@float@type=\count297
\float@exts=\toks28
\float@box=\box60
\@float@everytoks=\toks29
\@floatcapt=\box61
)
(c:/Users/LEAH NGUYEN/AppData/Roaming/TinyTeX/texmf-dist/tex/latex/sectsty/sect
sty.sty
Package: sectsty 2002/02/25 v2.0.2 Commands to change all sectional heading sty
les

LaTeX Warning: Command \underbar  has changed.
               Check if current package is valid.


LaTeX Warning: Command \underline  has changed.
               Check if current package is valid.

)
(c:/Users/LEAH NGUYEN/AppData/Roaming/TinyTeX/texmf-dist/tex/latex/paralist/par
alist.sty
Package: paralist 2017/01/22 v2.7 Extended list environments
\pltopsep=\skip63
\plpartopsep=\skip64
\plitemsep=\skip65
\plparsep=\skip66
\pl@lab=\toks30
)
(c:/Users/LEAH NGUYEN/AppData/Roaming/TinyTeX/texmf-dist/tex/latex/setspace/set
space.sty
Package: setspace 2011/12/19 v6.7a set line spacing
)
(c:/Users/LEAH NGUYEN/AppData/Roaming/TinyTeX/texmf-dist/tex/latex/fancyhdr/fan
cyhdr.sty
Package: fancyhdr 2021/01/28 v4.0.1 Extensive control of page headers and foote
rs
\f@nch@headwidth=\skip67
\f@nch@O@elh=\skip68
\f@nch@O@erh=\skip69
\f@nch@O@olh=\skip70
\f@nch@O@orh=\skip71
\f@nch@O@elf=\skip72
\f@nch@O@erf=\skip73
\f@nch@O@olf=\skip74
\f@nch@O@orf=\skip75
)
(c:/Users/LEAH NGUYEN/AppData/Roaming/TinyTeX/texmf-dist/tex/latex/lastpage/las
tpage.sty
Package: lastpage 2021/09/03 v1.2n Refers to last page's name (HMM; JPG)
)
(c:/Users/LEAH NGUYEN/AppData/Roaming/TinyTeX/texmf-dist/tex/latex/tools/dcolum
n.sty
Package: dcolumn 2014/10/28 v1.06 decimal alignment package (DPC)
)
(c:/Users/LEAH NGUYEN/AppData/Roaming/TinyTeX/texmf-dist/tex/latex/pdflscape/pd
flscape.sty
Package: pdflscape 2019/12/05 v0.12 Display of landscape pages in PDF (HO)

(c:/Users/LEAH NGUYEN/AppData/Roaming/TinyTeX/texmf-dist/tex/latex/graphics/lsc
ape.sty
Package: lscape 2020/05/28 v3.02 Landscape Pages (DPC)
)
Package pdflscape Info: Auto-detected driver: pdftex on input line 81.
)
(c:/Users/LEAH NGUYEN/AppData/Roaming/TinyTeX/texmf-dist/tex/latex/l3backend/l3
backend-pdftex.def
File: l3backend-pdftex.def 2021-08-04 L3 backend support: PDF output (pdfTeX)
\l__color_backend_stack_int=\count298
\l__pdf_internal_box=\box62
) (./OFFICIAL_REPORT.aux)
\openout1 = `OFFICIAL_REPORT.aux'.

LaTeX Font Info:    Checking defaults for OML/cmm/m/it on input line 89.
LaTeX Font Info:    ... okay on input line 89.
LaTeX Font Info:    Checking defaults for OMS/cmsy/m/n on input line 89.
LaTeX Font Info:    ... okay on input line 89.
LaTeX Font Info:    Checking defaults for OT1/cmr/m/n on input line 89.
LaTeX Font Info:    ... okay on input line 89.
LaTeX Font Info:    Checking defaults for T1/cmr/m/n on input line 89.
LaTeX Font Info:    ... okay on input line 89.
LaTeX Font Info:    Checking defaults for TS1/cmr/m/n on input line 89.
LaTeX Font Info:    ... okay on input line 89.
LaTeX Font Info:    Checking defaults for OMX/cmex/m/n on input line 89.
LaTeX Font Info:    ... okay on input line 89.
LaTeX Font Info:    Checking defaults for U/cmr/m/n on input line 89.
LaTeX Font Info:    ... okay on input line 89.
LaTeX Font Info:    Checking defaults for PD1/pdf/m/n on input line 89.
LaTeX Font Info:    ... okay on input line 89.
LaTeX Font Info:    Checking defaults for PU/pdf/m/n on input line 89.
LaTeX Font Info:    ... okay on input line 89.
LaTeX Info: Redefining \microtypecontext on input line 89.
Package microtype Info: Generating PDF output.
Package microtype Info: Character protrusion enabled (level 2).
Package microtype Info: Using protrusion set `basicmath'.
Package microtype Info: Automatic font expansion enabled (level 2),
(microtype)             stretch: 20, shrink: 20, step: 1, non-selected.
Package microtype Info: Using default expansion set `alltext-nott'.
LaTeX Info: Redefining \showhyphens on input line 89.
Package microtype Info: No adjustment of tracking.
Package microtype Info: No adjustment of interword spacing.
Package microtype Info: No adjustment of character kerning.

(c:/Users/LEAH NGUYEN/AppData/Roaming/TinyTeX/texmf-dist/tex/latex/microtype/mt
-cmr.cfg
File: mt-cmr.cfg 2013/05/19 v2.2 microtype config. file: Computer Modern Roman 
(RS)
)
(c:/Users/LEAH NGUYEN/AppData/Roaming/TinyTeX/texmf-dist/tex/latex/epstopdf-pkg
/epstopdf-base.sty
Package: epstopdf-base 2020-01-24 v2.11 Base part for package epstopdf
Package epstopdf-base Info: Redefining graphics rule for `.eps' on input line 4
85.

(c:/Users/LEAH NGUYEN/AppData/Roaming/TinyTeX/texmf-dist/tex/latex/latexconfig/
epstopdf-sys.cfg
File: epstopdf-sys.cfg 2010/07/13 v1.3 Configuration of (r)epstopdf for TeX Liv
e
))
Package hyperref Info: Link coloring OFF on input line 89.

(c:/Users/LEAH NGUYEN/AppData/Roaming/TinyTeX/texmf-dist/tex/latex/hyperref/nam
eref.sty
Package: nameref 2021-04-02 v2.47 Cross-referencing by name of section

(c:/Users/LEAH NGUYEN/AppData/Roaming/TinyTeX/texmf-dist/tex/latex/refcount/ref
count.sty
Package: refcount 2019/12/15 v3.6 Data extraction from label references (HO)
)
(c:/Users/LEAH NGUYEN/AppData/Roaming/TinyTeX/texmf-dist/tex/generic/gettitlest
ring/gettitlestring.sty
Package: gettitlestring 2019/12/15 v1.6 Cleanup title references (HO)
)
\c@section@level=\count299
)
LaTeX Info: Redefining \ref on input line 89.
LaTeX Info: Redefining \pageref on input line 89.
LaTeX Info: Redefining \nameref on input line 89.
*geometry* driver: auto-detecting
*geometry* detected driver: pdftex
*geometry* verbose mode - [ preamble ] result:
* driver: pdftex
* paper: <default>
* layout: <same size as paper>
* layoutoffset:(h,v)=(0.0pt,0.0pt)
* modes: 
* h-part:(L,W,R)=(71.13188pt, 486.25761pt, 56.9055pt)
* v-part:(T,H,B)=(56.9055pt, 681.15898pt, 56.9055pt)
* \paperwidth=614.295pt
* \paperheight=794.96999pt
* \textwidth=486.25761pt
* \textheight=681.15898pt
* \oddsidemargin=-1.1381pt
* \evensidemargin=-1.1381pt
* \topmargin=-52.36449pt
* \headheight=12.0pt
* \headsep=25.0pt
* \topskip=11.0pt
* \footskip=30.0pt
* \marginparwidth=59.0pt
* \marginparsep=10.0pt
* \columnsep=10.0pt
* \skip\footins=10.0pt plus 4.0pt minus 2.0pt
* \hoffset=0.0pt
* \voffset=0.0pt
* \mag=1000
* \@twocolumnfalse
* \@twosidefalse
* \@mparswitchfalse
* \@reversemarginfalse
* (1in=72.27pt=25.4mm, 1cm=28.453pt)

Package lastpage Info: Please have a look at the pageslts package at
(lastpage)             https://www.ctan.org/pkg/pageslts
(lastpage)             ! on input line 89.
<UTSlogo.png, id=4, 289.08pt x 122.6181pt>
File: UTSlogo.png Graphic file (type png)
<use UTSlogo.png>
Package pdftex.def Info: UTSlogo.png  used on input line 109.
(pdftex.def)             Requested size: 194.49861pt x 82.49982pt.
[1

{c:/Users/LEAH NGUYEN/AppData/Roaming/TinyTeX/texmf-var/fonts/map/pdftex/updmap
/pdftex.map} <./UTSlogo.png>] (./OFFICIAL_REPORT.toc
LaTeX Font Info:    Trying to load font information for OT1+lmr on input line 2
.

(c:/Users/LEAH NGUYEN/AppData/Roaming/TinyTeX/texmf-dist/tex/latex/lm/ot1lmr.fd
File: ot1lmr.fd 2015/05/01 v1.6.1 Font defs for Latin Modern
)
LaTeX Font Info:    Trying to load font information for OML+lmm on input line 2
.

(c:/Users/LEAH NGUYEN/AppData/Roaming/TinyTeX/texmf-dist/tex/latex/lm/omllmm.fd
File: omllmm.fd 2015/05/01 v1.6.1 Font defs for Latin Modern
)
LaTeX Font Info:    Trying to load font information for OMS+lmsy on input line 
2.

(c:/Users/LEAH NGUYEN/AppData/Roaming/TinyTeX/texmf-dist/tex/latex/lm/omslmsy.f
d
File: omslmsy.fd 2015/05/01 v1.6.1 Font defs for Latin Modern
)
LaTeX Font Info:    Trying to load font information for OMX+lmex on input line 
2.

(c:/Users/LEAH NGUYEN/AppData/Roaming/TinyTeX/texmf-dist/tex/latex/lm/omxlmex.f
d
File: omxlmex.fd 2015/05/01 v1.6.1 Font defs for Latin Modern
)
LaTeX Font Info:    External font `lmex10' loaded for size
(Font)              <10.95> on input line 2.
LaTeX Font Info:    External font `lmex10' loaded for size
(Font)              <8> on input line 2.
LaTeX Font Info:    External font `lmex10' loaded for size
(Font)              <6> on input line 2.
LaTeX Font Info:    Trying to load font information for U+msa on input line 2.

(c:/Users/LEAH NGUYEN/AppData/Roaming/TinyTeX/texmf-dist/tex/latex/amsfonts/ums
a.fd
File: umsa.fd 2013/01/14 v3.01 AMS symbols A
)
(c:/Users/LEAH NGUYEN/AppData/Roaming/TinyTeX/texmf-dist/tex/latex/microtype/mt
-msa.cfg
File: mt-msa.cfg 2006/02/04 v1.1 microtype config. file: AMS symbols (a) (RS)
)
LaTeX Font Info:    Trying to load font information for U+msb on input line 2.

(c:/Users/LEAH NGUYEN/AppData/Roaming/TinyTeX/texmf-dist/tex/latex/amsfonts/ums
b.fd
File: umsb.fd 2013/01/14 v3.01 AMS symbols B
)
(c:/Users/LEAH NGUYEN/AppData/Roaming/TinyTeX/texmf-dist/tex/latex/microtype/mt
-msb.cfg
File: mt-msb.cfg 2005/06/01 v1.0 microtype config. file: AMS symbols (b) (RS)
) [2] [3])
\tf@toc=\write3
\openout3 = `OFFICIAL_REPORT.toc'.

[4]
LaTeX Font Info:    Trying to load font information for TS1+lmr on input line 1
83.

(c:/Users/LEAH NGUYEN/AppData/Roaming/TinyTeX/texmf-dist/tex/latex/lm/ts1lmr.fd
File: ts1lmr.fd 2015/05/01 v1.6.1 Font defs for Latin Modern
) [1] [2] [3]
<year_month.png, id=175, 1227.83719pt x 446.41782pt>
File: year_month.png Graphic file (type png)
<use year_month.png>
Package pdftex.def Info: year_month.png  used on input line 356.
(pdftex.def)             Requested size: 451.68845pt x 164.22516pt.
<hour_week_fatal.png, id=176, 462.97969pt x 377.91188pt>
File: hour_week_fatal.png Graphic file (type png)
<use hour_week_fatal.png>
Package pdftex.def Info: hour_week_fatal.png  used on input line 368.
(pdftex.def)             Requested size: 225.84474pt x 184.34807pt.
<hour_fatal.png, id=177, 732.48656pt x 377.91188pt>
File: hour_fatal.png Graphic file (type png)
<use hour_fatal.png>
Package pdftex.def Info: hour_fatal.png  used on input line 378.
(pdftex.def)             Requested size: 376.41328pt x 194.20294pt.
<daytime_fatal.png, id=178, 474.27188pt x 377.91188pt>
File: daytime_fatal.png Graphic file (type png)
<use daytime_fatal.png>
Package pdftex.def Info: daytime_fatal.png  used on input line 390.
(pdftex.def)             Requested size: 225.84595pt x 179.95978pt.
[4pdfTeX warning (ext4): destination with the same identifier (name{figure.1}) 
has been already used, duplicate ignored
<argument> ...shipout:D \box_use:N \l_shipout_box 
                                                  \__shipout_drop_firstpage_...
l.405 
       <./year_month.png>] [5pdfTeX warning (ext4): destination with the same i
dentifier (name{figure.2}) has been already used, duplicate ignored
<argument> ...shipout:D \box_use:N \l_shipout_box 
                                                  \__shipout_drop_firstpage_...
l.405 
      pdfTeX warning (ext4): destination with the same identifier (name{figure.
3}) has been already used, duplicate ignored
<argument> ...shipout:D \box_use:N \l_shipout_box 
                                                  \__shipout_drop_firstpage_...
l.405 
      pdfTeX warning (ext4): destination with the same identifier (name{figure.
4}) has been already used, duplicate ignored
<argument> ...shipout:D \box_use:N \l_shipout_box 
                                                  \__shipout_drop_firstpage_...
l.405 
       <./hour_week_fatal.png (PNG copy)> <./hour_fatal.png> <./daytime_fatal.p
ng>]
<LGAtop10.png, id=196, 474.27188pt x 377.91188pt>
File: LGAtop10.png Graphic file (type png)
<use LGAtop10.png>
Package pdftex.def Info: LGAtop10.png  used on input line 408.
(pdftex.def)             Requested size: 225.84595pt x 179.95978pt.
<roadgeo_fatal.png, id=197, 474.27188pt x 377.91188pt>
File: roadgeo_fatal.png Graphic file (type png)
<use roadgeo_fatal.png>
Package pdftex.def Info: roadgeo_fatal.png  used on input line 421.
(pdftex.def)             Requested size: 225.84595pt x 179.95978pt.
[6pdfTeX warning (ext4): destination with the same identifier (name{figure.5}) 
has been already used, duplicate ignored
<argument> ...shipout:D \box_use:N \l_shipout_box 
                                                  \__shipout_drop_firstpage_...
l.433 
      pdfTeX warning (ext4): destination with the same identifier (name{figure.
6}) has been already used, duplicate ignored
<argument> ...shipout:D \box_use:N \l_shipout_box 
                                                  \__shipout_drop_firstpage_...
l.433 
       <./LGAtop10.png (PNG copy)> <./roadgeo_fatal.png>]
<speed_fatal.png, id=206, 474.27188pt x 377.91188pt>
File: speed_fatal.png Graphic file (type png)
<use speed_fatal.png>
Package pdftex.def Info: speed_fatal.png  used on input line 436.
(pdftex.def)             Requested size: 225.84595pt x 179.95978pt.
<user_surface.png, id=207, 1163.0953pt x 446.41782pt>
File: user_surface.png Graphic file (type png)
<use user_surface.png>
Package pdftex.def Info: user_surface.png  used on input line 449.
(pdftex.def)             Requested size: 451.68863pt x 173.36656pt.
<surface_weather.png, id=208, 1263.97218pt x 446.41782pt>
File: surface_weather.png Graphic file (type png)
<use surface_weather.png>
Package pdftex.def Info: surface_weather.png  used on input line 462.
(pdftex.def)             Requested size: 451.67377pt x 159.52504pt.
[7pdfTeX warning (ext4): destination with the same identifier (name{figure.7}) 
has been already used, duplicate ignored
<argument> ...shipout:D \box_use:N \l_shipout_box 
                                                  \__shipout_drop_firstpage_...
l.477 
      pdfTeX warning (ext4): destination with the same identifier (name{figure.
8}) has been already used, duplicate ignored
<argument> ...shipout:D \box_use:N \l_shipout_box 
                                                  \__shipout_drop_firstpage_...
l.477 
       <./speed_fatal.png> <./user_surface.png>] [8pdfTeX warning (ext4): desti
nation with the same identifier (name{figure.9}) has been already used, duplica
te ignored
<argument> ...shipout:D \box_use:N \l_shipout_box 
                                                  \__shipout_drop_firstpage_...
l.513 
       <./surface_weather.png>]
<missing_data.png, id=227, 1020.06094pt x 681.29532pt>
File: missing_data.png Graphic file (type png)
<use missing_data.png>
Package pdftex.def Info: missing_data.png  used on input line 563.
(pdftex.def)             Requested size: 451.69214pt x 301.68367pt.
[9] [10pdfTeX warning (ext4): destination with the same identifier (name{figure
.10}) has been already used, duplicate ignored
<argument> ...shipout:D \box_use:N \l_shipout_box 
                                                  \__shipout_drop_firstpage_...
l.614 \end{longtable}
                      <./missing_data.png>]
<hist_dist.png, id=241, 648.17157pt x 446.41782pt>
File: hist_dist.png Graphic file (type png)
<use hist_dist.png>
Package pdftex.def Info: hist_dist.png  used on input line 646.
(pdftex.def)             Requested size: 527.00404pt x 362.9656pt.

Overfull \hbox (40.74643pt too wide) in paragraph at lines 646--647
 [][] 
 []

[11] [12pdfTeX warning (ext4): destination with the same identifier (name{figur
e.11}) has been already used, duplicate ignored
<argument> ...shipout:D \box_use:N \l_shipout_box 
                                                  \__shipout_drop_firstpage_...
l.669 \textbf{Handling Outliers}
                                 <./hist_dist.png>]
<age_boxplot.png, id=252, 573.64313pt x 546.54187pt>
File: age_boxplot.png Graphic file (type png)
<use age_boxplot.png>
Package pdftex.def Info: age_boxplot.png  used on input line 685.
(pdftex.def)             Requested size: 225.83817pt x 215.16864pt.
<age_multi_boxplot.png, id=253, 573.64313pt x 546.54187pt>
File: age_multi_boxplot.png Graphic file (type png)
<use age_multi_boxplot.png>
Package pdftex.def Info: age_multi_boxplot.png  used on input line 697.
(pdftex.def)             Requested size: 225.83817pt x 215.16864pt.
[13pdfTeX warning (ext4): destination with the same identifier (name{figure.12}
) has been already used, duplicate ignored
<argument> ...shipout:D \box_use:N \l_shipout_box 
                                                  \__shipout_drop_firstpage_...
l.720 S
       ince our categories values contain different variables with little <./ag
e_boxplot.png>] [14pdfTeX warning (ext4): destination with the same identifier 
(name{figure.13}) has been already used, duplicate ignored
<argument> ...shipout:D \box_use:N \l_shipout_box 
                                                  \__shipout_drop_firstpage_...
l.758 \end{itemize}
                    <./age_multi_boxplot.png>]
Overfull \hbox (4.50006pt too wide) in alignment at lines 791--795
 [] [] [] [] 
 []


Overfull \hbox (34.87868pt too wide) in paragraph at lines 798--800
[]|\T1/lmr/m/n/10.95 (-20) Collision.with.a.fixed.object 
 []


Overfull \hbox (31.6395pt too wide) in paragraph at lines 798--800
\T1/lmr/m/n/10.95 (-20) cle.overturned&no.collision|  
 []


Overfull \hbox (2.9405pt too wide) in paragraph at lines 804--805
[]|\T1/lmr/m/n/10.95 (-20) Dark.No.street.lights 
 []


Overfull \hbox (7.70178pt too wide) in paragraph at lines 822--822
[]|\T1/lmr/m/n/10.95 (-20) TOTAL_NO_OCCUPANTS|  
 []


Overfull \hbox (4.50006pt too wide) in alignment at lines 795--836
 [] [] [] [] 
 []

[15] [16] [17]
<ROC_2.png, id=284, 433.62pt x 442.65375pt>
File: ROC_2.png Graphic file (type png)
<use ROC_2.png>
Package pdftex.def Info: ROC_2.png  used on input line 961.
(pdftex.def)             Requested size: 225.8476pt x 230.55275pt.
[18] [19pdfTeX warning (ext4): destination with the same identifier (name{figur
e.14}) has been already used, duplicate ignored
<argument> ...shipout:D \box_use:N \l_shipout_box 
                                                  \__shipout_drop_firstpage_...
l.1025 \end{longtable}
                       <./ROC_2.png>]
<ROC_1.png, id=301, 371.13657pt x 430.60875pt>
File: ROC_1.png Graphic file (type png)
<use ROC_1.png>
Package pdftex.def Info: ROC_1.png  used on input line 1045.
(pdftex.def)             Requested size: 225.8493pt x 262.04016pt.
[20pdfTeX warning (ext4): destination with the same identifier (name{figure.15}
) has been already used, duplicate ignored
<argument> ...shipout:D \box_use:N \l_shipout_box 
                                                  \__shipout_drop_firstpage_...
l.1057 
        <./ROC_1.png>]
<ROC_3.png, id=308, 481.8pt x 297.36093pt>
File: ROC_3.png Graphic file (type png)
<use ROC_3.png>
Package pdftex.def Info: ROC_3.png  used on input line 1060.
(pdftex.def)             Requested size: 301.1316pt x 185.85466pt.
[21pdfTeX warning (ext4): destination with the same identifier (name{figure.16}
) has been already used, duplicate ignored
<argument> ...shipout:D \box_use:N \l_shipout_box 
                                                  \__shipout_drop_firstpage_...
l.1098 
        <./ROC_3.png>] [22] [23]
LaTeX Font Info:    Trying to load font information for T1+lmtt on input line 1
215.

(c:/Users/LEAH NGUYEN/AppData/Roaming/TinyTeX/texmf-dist/tex/latex/lm/t1lmtt.fd
File: t1lmtt.fd 2015/05/01 v1.6.1 Font defs for Latin Modern
) [24] [25

]
Overfull \hbox (7.23996pt too wide) in paragraph at lines 1288--1288
[]|\T1/lmr/m/n/10.95 (-20) WIDTH|  
 []


Overfull \hbox (6.22604pt too wide) in paragraph at lines 1313--1313
[]|\T1/lmr/m/n/10.95 (-20) Number|  
 []


Overfull \hbox (6.22604pt too wide) in paragraph at lines 1324--1324
[]|\T1/lmr/m/n/10.95 (-20) Number|  
 []


Overfull \hbox (6.22604pt too wide) in paragraph at lines 1334--1334
[]|\T1/lmr/m/n/10.95 (-20) Number|  
 []


Overfull \hbox (6.22604pt too wide) in paragraph at lines 1342--1342
[]|\T1/lmr/m/n/10.95 (-20) Number|  
 []


Overfull \hbox (6.22604pt too wide) in paragraph at lines 1344--1344
[]|\T1/lmr/m/n/10.95 (-20) Number|  
 []


Overfull \hbox (6.22604pt too wide) in paragraph at lines 1346--1346
[]|\T1/lmr/m/n/10.95 (-20) Number|  
 []


Overfull \hbox (6.22604pt too wide) in paragraph at lines 1349--1349
[]|\T1/lmr/m/n/10.95 (-20) Number|  
 []


Overfull \hbox (6.31528pt too wide) in paragraph at lines 1351--1351
[]|\T1/lmr/m/n/10.95 (-20) NO_PERSONS_NOT_INJ|  
 []


Overfull \hbox (6.22604pt too wide) in paragraph at lines 1351--1351
[]|\T1/lmr/m/n/10.95 (-20) Number|  
 []


Overfull \hbox (6.22604pt too wide) in paragraph at lines 1353--1353
[]|\T1/lmr/m/n/10.95 (-20) Number|  
 []


Overfull \hbox (6.22604pt too wide) in paragraph at lines 1356--1356
[]|\T1/lmr/m/n/10.95 (-20) Number|  
 []


Overfull \hbox (6.22604pt too wide) in paragraph at lines 1360--1360
[]|\T1/lmr/m/n/10.95 (-20) Number|  
 []


Overfull \hbox (6.22604pt too wide) in paragraph at lines 1407--1407
[]|\T1/lmr/m/n/10.95 (-20) Number|  
 []


Overfull \hbox (6.22604pt too wide) in paragraph at lines 1436--1436
[]|\T1/lmr/m/n/10.95 (-20) Number|  
 []


Overfull \hbox (6.22604pt too wide) in paragraph at lines 1440--1440
[]|\T1/lmr/m/n/10.95 (-20) Number|  
 []


Overfull \hbox (6.22604pt too wide) in paragraph at lines 1452--1452
[]|\T1/lmr/m/n/10.95 (-20) Number|  
 []


Overfull \hbox (2.42113pt too wide) in paragraph at lines 1455--1455
[]|\T1/lmr/m/n/10.95 (-20) DIRECTION_LOCATION|  
 []


Overfull \hbox (6.22604pt too wide) in paragraph at lines 1466--1466
[]|\T1/lmr/m/n/10.95 (-20) Number|  
 []


Overfull \hbox (6.22604pt too wide) in paragraph at lines 1468--1468
[]|\T1/lmr/m/n/10.95 (-20) Number|  
 []


Overfull \hbox (1.66524pt too wide) in paragraph at lines 1470--1470
[]|\T1/lmr/m/n/10.95 (-20) OFF_ROAD_LOCATION|  
 []


Overfull \hbox (6.22604pt too wide) in paragraph at lines 1480--1480
[]|\T1/lmr/m/n/10.95 (-20) Number|  
 []


Overfull \hbox (1.57642pt too wide) in paragraph at lines 1482--1482
[]|\T1/lmr/m/n/10.95 (-20) Double|  
 []


Overfull \hbox (1.57642pt too wide) in paragraph at lines 1483--1483
[]|\T1/lmr/m/n/10.95 (-20) Double|  
 []


Overfull \hbox (6.22604pt too wide) in paragraph at lines 1484--1484
[]|\T1/lmr/m/n/10.95 (-20) Number|  
 []


Overfull \hbox (1.57642pt too wide) in paragraph at lines 1489--1489
[]|\T1/lmr/m/n/10.95 (-20) Double|  
 []


Overfull \hbox (1.57642pt too wide) in paragraph at lines 1497--1497
[]|\T1/lmr/m/n/10.95 (-20) Double|  
 []


Overfull \hbox (6.22604pt too wide) in paragraph at lines 1509--1509
[]|\T1/lmr/m/n/10.95 (-20) Number|  
 []


Overfull \hbox (6.22604pt too wide) in paragraph at lines 1573--1573
[]|\T1/lmr/m/n/10.95 (-20) Number|  
 []


Overfull \hbox (6.22604pt too wide) in paragraph at lines 1591--1591
[]|\T1/lmr/m/n/10.95 (-20) Number|  
 []


Overfull \hbox (6.22604pt too wide) in paragraph at lines 1598--1598
[]|\T1/lmr/m/n/10.95 (-20) Number|  
 []


Overfull \hbox (10.78639pt too wide) in paragraph at lines 1603--1603
[]|\T1/lmr/m/n/10.95 (-20) VEHICLE_YEAR_MANUF|  
 []


Overfull \hbox (6.22604pt too wide) in paragraph at lines 1603--1603
[]|\T1/lmr/m/n/10.95 (-20) Number|  
 []


Overfull \hbox (2.24806pt too wide) in paragraph at lines 1620--1620
[]|\T1/lmr/m/n/10.95 (-20) ROAD_SURFACE_TYPE|  
 []


Overfull \hbox (6.15921pt too wide) in paragraph at lines 1638--1638
[]|\T1/lmr/m/n/10.95 (-20) VEHICLE_BODY_STYLE|  
 []


Overfull \hbox (6.22604pt too wide) in paragraph at lines 1642--1642
[]|\T1/lmr/m/n/10.95 (-20) Number|  
 []


Overfull \hbox (6.22604pt too wide) in paragraph at lines 1649--1649
[]|\T1/lmr/m/n/10.95 (-20) Number|  
 []


Overfull \hbox (1.09149pt too wide) in paragraph at lines 1651--1651
[]|\T1/lmr/m/n/10.95 (-20) CONSTRUCTION_TYPE|  
 []


Overfull \hbox (6.22604pt too wide) in paragraph at lines 1663--1663
[]|\T1/lmr/m/n/10.95 (-20) Number|  
 []


Overfull \hbox (6.22604pt too wide) in paragraph at lines 1665--1665
[]|\T1/lmr/m/n/10.95 (-20) Number|  
 []


Overfull \hbox (6.22604pt too wide) in paragraph at lines 1667--1667
[]|\T1/lmr/m/n/10.95 (-20) Number|  
 []


Overfull \hbox (6.22604pt too wide) in paragraph at lines 1668--1668
[]|\T1/lmr/m/n/10.95 (-20) Number|  
 []


Overfull \hbox (11.6436pt too wide) in paragraph at lines 1670--1670
[]|\T1/lmr/m/n/10.95 (-20) TOTAL_NO_OCCUPANTS|  
 []


Overfull \hbox (6.22604pt too wide) in paragraph at lines 1670--1670
[]|\T1/lmr/m/n/10.95 (-20) Number|  
 []


Overfull \hbox (6.22604pt too wide) in paragraph at lines 1672--1672
[]|\T1/lmr/m/n/10.95 (-20) Number|  
 []


Overfull \hbox (6.22604pt too wide) in paragraph at lines 1674--1674
[]|\T1/lmr/m/n/10.95 (-20) Number|  
 []


Overfull \hbox (6.22604pt too wide) in paragraph at lines 1718--1718
[]|\T1/lmr/m/n/10.95 (-20) Number|  
 []

[26] [27] [28] [29] [30] [31] [32] [33] [34] [35] [36] [37] [38] [39] [40] [41]
[42

] [43] [44] [45] [46] [47] 
AED: lastpage setting LastPage
[48] (./OFFICIAL_REPORT.aux) )
(\end occurred inside a group at level 1)

### semi simple group (level 1) entered at line 75 (\begingroup)
### bottom level 
Here is how much of TeX's memory you used:
 13629 strings out of 480559
 209289 string characters out of 5901260
 771617 words of memory out of 5000000
 30694 multiletter control sequences out of 15000+600000
 437936 words of font info for 91 fonts, out of 8000000 for 9000
 14 hyphenation exceptions out of 8191
 74i,7n,80p,851b,1624s stack positions out of 5000i,500n,10000p,200000b,80000s
{c:/Users/LEAH NGUYEN/AppData/Roaming/TinyTeX/texmf-dist/fonts/
enc/dvips/lm/lm-ec.enc}{c:/Users/LEAH NGUYEN/AppData/Roaming/TinyTeX/texmf-dist
/fonts/enc/dvips/lm/lm-ts1.enc}<c:/Users/LEAH NGUYEN/AppData/Roaming/TinyTeX/te
xmf-dist/fonts/type1/public/lm/lmbx10.pfb><c:/Users/LEAH NGUYEN/AppData/Roaming
/TinyTeX/texmf-dist/fonts/type1/public/lm/lmbx12.pfb><c:/Users/LEAH NGUYEN/AppD
ata/Roaming/TinyTeX/texmf-dist/fonts/type1/public/lm/lmr10.pfb><c:/Users/LEAH N
GUYEN/AppData/Roaming/TinyTeX/texmf-dist/fonts/type1/public/lm/lmr12.pfb><c:/Us
ers/LEAH NGUYEN/AppData/Roaming/TinyTeX/texmf-dist/fonts/type1/public/lm/lmtt10
.pfb>
Output written on OFFICIAL_REPORT.pdf (52 pages, 612354 bytes).
PDF statistics:
 789 PDF objects out of 1000 (max. 8388607)
 687 compressed objects within 7 object streams
 224 named destinations out of 1000 (max. 500000)
 21038 words of extra memory for PDF output out of 24883 (max. 10000000)

